<?xml version="1.0" encoding="UTF-8"?>
<!-- Generated by org.testng.reporters.JUnitXMLReporter -->
<testsuite hostname="prasad-siva" ignored="0" name="Test" tests="5" failures="0" timestamp="16 Aug 2020 16:58:25 GMT" time="154.043" errors="0">
  <testcase name="profileview" time="9.394" classname="com.icinbank.Profiledisplay"/>
  <testcase name="logoutTest" time="12.096" classname="com.icinbank.Profiledisplay"/>
  <testcase name="primaryDeposit" time="15.94" classname="com.icinbank.Deposit"/>
  <testcase name="savingsDeposit" time="14.836" classname="com.icinbank.Deposit"/>
  <testcase name="primaryWithdraw" time="16.354" classname="com.icinbank.Withdraw"/>
</testsuite> <!-- Test -->
