<?xml version="1.0" encoding="UTF-8"?>
<testng-results skipped="0" failed="0" ignored="0" total="1" passed="1">
  <reporter-output>
  </reporter-output>
  <suite name="Default suite" duration-ms="23681" started-at="2020-08-16T16:58:59Z" finished-at="2020-08-16T16:59:23Z">
    <groups>
    </groups>
    <test name="Default test" duration-ms="23681" started-at="2020-08-16T16:58:59Z" finished-at="2020-08-16T16:59:23Z">
      <class name="com.icinbank.RegistrationForm">
        <test-method status="PASS" signature="registrationTest()[pri:1, instance:com.icinbank.RegistrationForm@5e853265]" name="registrationTest" duration-ms="23595" started-at="2020-08-16T16:58:59Z" finished-at="2020-08-16T16:59:23Z">
          <reporter-output>
          </reporter-output>
        </test-method> <!-- registrationTest -->
      </class> <!-- com.icinbank.RegistrationForm -->
    </test> <!-- Default test -->
  </suite> <!-- Default suite -->
</testng-results>
